2025-10-16  18:30:00 [INFO] Job Scheduler initialized successfully.
2025-10-16 18:30:05 [INFO] ETL job 'daily_load_payroll' started by user=system
2025-10-16 18:30:06 [INFO] Connecting to database payroll_db...
2025-10-16 18:30:08 [INFO] Source file validation successful: employees_20251009.csv
2025-10-16 18:30:12 [WARN] Duplicate record found for Employee_ID=EMP1234 - skipping entry
2025-10-16 18:30:18 [INFO] Extract phase completed. 45,234 records processed.
2025-10-16 18:30:20 [ERROR] Database connection timeout while writing to payroll_staging
2025-10-16 18:30:22 [INFO] Retrying connection (attempt 1 of 3)
2025-10-16 18:30:25 [WARN] Slow query detected: SELECT * FROM payroll_staging WHERE status='PENDING'
2025-10-16 18:30:30 [INFO] Database reconnected successfully.
2025-10-16 18:30:33 [INFO] Transformation started: applying business rules
2025-10-16 18:30:38 [INFO] Salary normalization completed.
2025-10-16 18:30:42 [ERROR] Null value found in mandatory field 'Employee_Name' for Employee_ID=EMP2005
2025-10-16 18:30:43 [INFO] Record skipped. Total skipped: 3
2025-10-16 18:30:48 [WARN] Field length mismatch detected for Employee_ID=EMP3012
2025-10-16 18:30:53 [INFO] Transformation completed with 2 warnings.
2025-10-16 18:30:58 [INFO] Load phase started into payroll_main.
2025-10-16 18:31:03 [ERROR] Insert failed for Employee_ID=EMP8765 due to foreign key constraint.
2025-10-16 18:31:08 [INFO] Successfully loaded 44,230 records to target table.
2025-10-16 18:31:12 [WARN] 15 records marked for manual review.
2025-10-16 18:31:18 [INFO] ETL job 'daily_load_payroll' completed with warnings.
2025-10-16 18:31:22 [INFO] Generating summary report...
2025-10-16 18:31:25 [INFO] Report generated successfully: payroll_summary_20251009.csv
2025-10-16 18:31:30 [INFO] Job end time recorded.
